<?xml version="1.0" encoding="UTF-8"?>
<testsuite xmlns:xsi="http://www.w3.org/2001/XMLSchema-instance" xsi:noNamespaceSchemaLocation="https://maven.apache.org/surefire/maven-surefire-plugin/xsd/surefire-test-report-3.0.xsd" version="3.0" name="com.test.RunTest" time="25.736" tests="15" errors="0" skipped="0" failures="0">
  <properties>
[...]
</properties>
  <testcase name="Dado que eu escreva as informações do usuário" classname="| 123456 | pedro@gmail.com |" time="0.001">
    <system-out><![CDATA[Sua plataforma é android
]]></system-out>
  </testcase>
  <testcase name="Dado que eu visualize o texto &quot;CONTINUAR&quot; no botão de login" classname="| 123456 | pedro@gmail.com |" time="0.0"/>
  <testcase name="Dado que preencha o email com o usuario &quot;pedro@gmail.com&quot;" classname="| 123456 | pedro@gmail.com |" time="0.0"/>
  <testcase name="Quando escrever os dados da senha com &quot;123456&quot;" classname="| 123456 | pedro@gmail.com |" time="0.0"/>
  <testcase name="" classname="| 123456 | pedro@gmail.com |" time="0.0"/>
  <testcase name="Dado que eu escreva as informações do usuário" classname="| 1234567 | pedro@hotmail.com |" time="0.001"/>
  <testcase name="Dado que eu visualize o texto &quot;CONTINUAR&quot; no botão de login" classname="| 1234567 | pedro@hotmail.com |" time="0.0"/>
  <testcase name="Dado que preencha o email com o usuario &quot;pedro@hotmail.com&quot;" classname="| 1234567 | pedro@hotmail.com |" time="0.0"/>
  <testcase name="Quando escrever os dados da senha com &quot;1234567&quot;" classname="| 1234567 | pedro@hotmail.com |" time="0.0"/>
  <testcase name="" classname="| 1234567 | pedro@hotmail.com |" time="0.0"/>
  <testcase name="Dado que eu escreva as informações do usuário" classname="| 1234568 | pedro@uol.com |" time="0.0"/>
  <testcase name="Dado que eu visualize o texto &quot;CONTINUAR&quot; no botão de login" classname="| 1234568 | pedro@uol.com |" time="0.0"/>
  <testcase name="Dado que preencha o email com o usuario &quot;pedro@uol.com&quot;" classname="| 1234568 | pedro@uol.com |" time="0.0"/>
  <testcase name="Quando escrever os dados da senha com &quot;1234568&quot;" classname="| 1234568 | pedro@uol.com |" time="0.0"/>
  <testcase name="" classname="| 1234568 | pedro@uol.com |" time="0.0"/>
</testsuite>